ERROR:
Message: 
Invalid `prisma.admin.findMany()` invocation in
D:\absensi-min1sda\scripts\check-db.ts:7:39

  4 
  5 async function main() {
  6   try {
→ 7     const admins = await prisma.admin.findMany(
The table `public.admin` does not exist in the current database.
Code: P2021
Stack: PrismaClientKnownRequestError: 
Invalid `prisma.admin.findMany()` invocation in
D:\absensi-min1sda\scripts\check-db.ts:7:39

  4 
  5 async function main() {
  6   try {
→ 7     const admins = await prisma.admin.findMany(
The table `public.admin` does not exist in the current database.
    at ei.handleRequestError (D:\absensi-min1sda\node_modules\@prisma\client\src\runtime\RequestHandler.ts:228:13)
    at ei.handleAndLogRequestError (D:\absensi-min1sda\node_modules\@prisma\client\src\runtime\RequestHandler.ts:174:12)
    at ei.request (D:\absensi-min1sda\node_modules\@prisma\client\src\runtime\RequestHandler.ts:143:12)
    at async a (D:\absensi-min1sda\node_modules\@prisma\client\src\runtime\getPrismaClient.ts:833:24)
    at async main (D:\absensi-min1sda\scripts\check-db.ts:7:20)